{"C:\\Users\\TKtec\\OneDrive\\เอกสาร\\Edugo-Web\\Edugo_web\\src\\components\\Homepage.jsx": {"path":"C:\\Users\\TKtec\\OneDrive\\เอกสาร\\Edugo-Web\\Edugo_web\\src\\components\\Homepage.jsx","all":false,"statementMap":{"0":{"start":{"line":1,"column":0},"end":{"line":1,"column":51}},"1":{"start":{"line":2,"column":0},"end":{"line":2,"column":24}},"2":{"start":{"line":3,"column":0},"end":{"line":3,"column":40}},"3":{"start":{"line":4,"column":0},"end":{"line":4,"column":49}},"4":{"start":{"line":5,"column":0},"end":{"line":5,"column":47}},"5":{"start":{"line":6,"column":0},"end":{"line":6,"column":56}},"6":{"start":{"line":7,"column":0},"end":{"line":7,"column":50}},"7":{"start":{"line":8,"column":0},"end":{"line":8,"column":64}},"8":{"start":{"line":9,"column":0},"end":{"line":9,"column":47}},"9":{"start":{"line":10,"column":0},"end":{"line":10,"column":46}},"11":{"start":{"line":12,"column":0},"end":{"line":12,"column":21}},"12":{"start":{"line":13,"column":0},"end":{"line":13,"column":49}},"13":{"start":{"line":14,"column":0},"end":{"line":14,"column":56}},"14":{"start":{"line":15,"column":0},"end":{"line":15,"column":53}},"16":{"start":{"line":17,"column":0},"end":{"line":17,"column":21}},"17":{"start":{"line":18,"column":0},"end":{"line":18,"column":27}},"18":{"start":{"line":19,"column":0},"end":{"line":19,"column":21}},"19":{"start":{"line":20,"column":0},"end":{"line":20,"column":29}},"20":{"start":{"line":21,"column":0},"end":{"line":21,"column":27}},"21":{"start":{"line":22,"column":0},"end":{"line":22,"column":38}},"22":{"start":{"line":23,"column":0},"end":{"line":23,"column":24}},"23":{"start":{"line":24,"column":0},"end":{"line":24,"column":71}},"24":{"start":{"line":25,"column":0},"end":{"line":25,"column":17}},"25":{"start":{"line":26,"column":0},"end":{"line":26,"column":14}},"26":{"start":{"line":27,"column":0},"end":{"line":27,"column":31}},"27":{"start":{"line":28,"column":0},"end":{"line":28,"column":37}},"28":{"start":{"line":29,"column":0},"end":{"line":29,"column":14}},"29":{"start":{"line":30,"column":0},"end":{"line":30,"column":28}},"30":{"start":{"line":31,"column":0},"end":{"line":31,"column":59}},"31":{"start":{"line":32,"column":0},"end":{"line":32,"column":15}},"32":{"start":{"line":33,"column":0},"end":{"line":33,"column":11}},"34":{"start":{"line":35,"column":0},"end":{"line":35,"column":35}},"37":{"start":{"line":38,"column":0},"end":{"line":38,"column":61}},"38":{"start":{"line":39,"column":0},"end":{"line":39,"column":67}},"39":{"start":{"line":40,"column":0},"end":{"line":40,"column":61}},"40":{"start":{"line":41,"column":0},"end":{"line":41,"column":42}},"41":{"start":{"line":42,"column":0},"end":{"line":42,"column":88}},"42":{"start":{"line":43,"column":0},"end":{"line":43,"column":7}},"44":{"start":{"line":45,"column":0},"end":{"line":45,"column":64}},"45":{"start":{"line":46,"column":0},"end":{"line":46,"column":67}},"46":{"start":{"line":47,"column":0},"end":{"line":47,"column":42}},"47":{"start":{"line":48,"column":0},"end":{"line":48,"column":51}},"48":{"start":{"line":49,"column":0},"end":{"line":49,"column":7}},"50":{"start":{"line":51,"column":0},"end":{"line":51,"column":62}},"51":{"start":{"line":52,"column":0},"end":{"line":52,"column":61}},"52":{"start":{"line":53,"column":0},"end":{"line":53,"column":42}},"53":{"start":{"line":54,"column":0},"end":{"line":54,"column":47}},"54":{"start":{"line":55,"column":0},"end":{"line":55,"column":7}},"56":{"start":{"line":57,"column":0},"end":{"line":57,"column":36}},"57":{"start":{"line":58,"column":0},"end":{"line":58,"column":60}},"58":{"start":{"line":59,"column":0},"end":{"line":59,"column":62}},"59":{"start":{"line":60,"column":0},"end":{"line":60,"column":66}},"60":{"start":{"line":61,"column":0},"end":{"line":61,"column":47}},"61":{"start":{"line":62,"column":0},"end":{"line":62,"column":6}},"63":{"start":{"line":64,"column":0},"end":{"line":64,"column":41}},"64":{"start":{"line":65,"column":0},"end":{"line":65,"column":28}},"65":{"start":{"line":66,"column":0},"end":{"line":66,"column":6}},"67":{"start":{"line":68,"column":0},"end":{"line":68,"column":65}},"68":{"start":{"line":69,"column":0},"end":{"line":69,"column":52}},"69":{"start":{"line":70,"column":0},"end":{"line":70,"column":48}},"71":{"start":{"line":72,"column":0},"end":{"line":72,"column":67}},"72":{"start":{"line":73,"column":0},"end":{"line":73,"column":89}},"74":{"start":{"line":75,"column":0},"end":{"line":75,"column":64}},"75":{"start":{"line":76,"column":0},"end":{"line":76,"column":162}},"76":{"start":{"line":77,"column":0},"end":{"line":77,"column":16}},"77":{"start":{"line":78,"column":0},"end":{"line":78,"column":147}},"78":{"start":{"line":79,"column":0},"end":{"line":79,"column":9}},"79":{"start":{"line":80,"column":0},"end":{"line":80,"column":6}},"81":{"start":{"line":82,"column":0},"end":{"line":82,"column":12}},"82":{"start":{"line":83,"column":0},"end":{"line":83,"column":10}},"83":{"start":{"line":84,"column":0},"end":{"line":84,"column":15}},"84":{"start":{"line":85,"column":0},"end":{"line":85,"column":22}},"85":{"start":{"line":86,"column":0},"end":{"line":86,"column":40}},"86":{"start":{"line":87,"column":0},"end":{"line":87,"column":18}},"88":{"start":{"line":89,"column":0},"end":{"line":89,"column":40}},"89":{"start":{"line":90,"column":0},"end":{"line":90,"column":47}},"90":{"start":{"line":91,"column":0},"end":{"line":91,"column":47}},"91":{"start":{"line":92,"column":0},"end":{"line":92,"column":58}},"92":{"start":{"line":93,"column":0},"end":{"line":93,"column":50}},"93":{"start":{"line":94,"column":0},"end":{"line":94,"column":105}},"94":{"start":{"line":95,"column":0},"end":{"line":95,"column":34}},"95":{"start":{"line":96,"column":0},"end":{"line":96,"column":67}},"96":{"start":{"line":97,"column":0},"end":{"line":97,"column":39}},"97":{"start":{"line":98,"column":0},"end":{"line":98,"column":68}},"98":{"start":{"line":99,"column":0},"end":{"line":99,"column":58}},"99":{"start":{"line":100,"column":0},"end":{"line":100,"column":33}},"101":{"start":{"line":102,"column":0},"end":{"line":102,"column":61}},"102":{"start":{"line":103,"column":0},"end":{"line":103,"column":41}},"103":{"start":{"line":104,"column":0},"end":{"line":104,"column":34}},"104":{"start":{"line":105,"column":0},"end":{"line":105,"column":30}},"107":{"start":{"line":108,"column":0},"end":{"line":108,"column":57}},"108":{"start":{"line":109,"column":0},"end":{"line":109,"column":32}},"110":{"start":{"line":111,"column":0},"end":{"line":111,"column":60}},"111":{"start":{"line":112,"column":0},"end":{"line":112,"column":72}},"113":{"start":{"line":114,"column":0},"end":{"line":114,"column":68}},"114":{"start":{"line":115,"column":0},"end":{"line":115,"column":85}},"115":{"start":{"line":116,"column":0},"end":{"line":116,"column":77}},"116":{"start":{"line":117,"column":0},"end":{"line":117,"column":142}},"117":{"start":{"line":118,"column":0},"end":{"line":118,"column":103}},"118":{"start":{"line":119,"column":0},"end":{"line":119,"column":42}},"119":{"start":{"line":120,"column":0},"end":{"line":120,"column":38}},"120":{"start":{"line":121,"column":0},"end":{"line":121,"column":34}},"121":{"start":{"line":122,"column":0},"end":{"line":122,"column":32}},"122":{"start":{"line":123,"column":0},"end":{"line":123,"column":60}},"123":{"start":{"line":124,"column":0},"end":{"line":124,"column":76}},"125":{"start":{"line":126,"column":0},"end":{"line":126,"column":81}},"126":{"start":{"line":127,"column":0},"end":{"line":127,"column":89}},"127":{"start":{"line":128,"column":0},"end":{"line":128,"column":77}},"128":{"start":{"line":129,"column":0},"end":{"line":129,"column":109}},"129":{"start":{"line":130,"column":0},"end":{"line":130,"column":103}},"130":{"start":{"line":131,"column":0},"end":{"line":131,"column":42}},"131":{"start":{"line":132,"column":0},"end":{"line":132,"column":38}},"132":{"start":{"line":133,"column":0},"end":{"line":133,"column":34}},"133":{"start":{"line":134,"column":0},"end":{"line":134,"column":32}},"134":{"start":{"line":135,"column":0},"end":{"line":135,"column":60}},"135":{"start":{"line":136,"column":0},"end":{"line":136,"column":73}},"137":{"start":{"line":138,"column":0},"end":{"line":138,"column":69}},"138":{"start":{"line":139,"column":0},"end":{"line":139,"column":88}},"139":{"start":{"line":140,"column":0},"end":{"line":140,"column":77}},"140":{"start":{"line":141,"column":0},"end":{"line":141,"column":106}},"141":{"start":{"line":142,"column":0},"end":{"line":142,"column":103}},"142":{"start":{"line":143,"column":0},"end":{"line":143,"column":42}},"143":{"start":{"line":144,"column":0},"end":{"line":144,"column":38}},"144":{"start":{"line":145,"column":0},"end":{"line":145,"column":34}},"145":{"start":{"line":146,"column":0},"end":{"line":146,"column":32}},"146":{"start":{"line":147,"column":0},"end":{"line":147,"column":60}},"147":{"start":{"line":148,"column":0},"end":{"line":148,"column":74}},"149":{"start":{"line":150,"column":0},"end":{"line":150,"column":81}},"150":{"start":{"line":151,"column":0},"end":{"line":151,"column":88}},"151":{"start":{"line":152,"column":0},"end":{"line":152,"column":77}},"152":{"start":{"line":153,"column":0},"end":{"line":153,"column":107}},"153":{"start":{"line":154,"column":0},"end":{"line":154,"column":103}},"154":{"start":{"line":155,"column":0},"end":{"line":155,"column":42}},"155":{"start":{"line":156,"column":0},"end":{"line":156,"column":38}},"156":{"start":{"line":157,"column":0},"end":{"line":157,"column":34}},"157":{"start":{"line":158,"column":0},"end":{"line":158,"column":30}},"160":{"start":{"line":161,"column":0},"end":{"line":161,"column":89}},"161":{"start":{"line":162,"column":0},"end":{"line":162,"column":79}},"162":{"start":{"line":163,"column":0},"end":{"line":163,"column":34}},"163":{"start":{"line":164,"column":0},"end":{"line":164,"column":106}},"164":{"start":{"line":165,"column":0},"end":{"line":165,"column":103}},"165":{"start":{"line":166,"column":0},"end":{"line":166,"column":35}},"167":{"start":{"line":168,"column":0},"end":{"line":168,"column":89}},"168":{"start":{"line":169,"column":0},"end":{"line":169,"column":34}},"169":{"start":{"line":170,"column":0},"end":{"line":170,"column":106}},"170":{"start":{"line":171,"column":0},"end":{"line":171,"column":103}},"171":{"start":{"line":172,"column":0},"end":{"line":172,"column":35}},"173":{"start":{"line":174,"column":0},"end":{"line":174,"column":30}},"176":{"start":{"line":177,"column":0},"end":{"line":177,"column":55}},"177":{"start":{"line":178,"column":0},"end":{"line":178,"column":74}},"178":{"start":{"line":179,"column":0},"end":{"line":179,"column":36}},"179":{"start":{"line":180,"column":0},"end":{"line":180,"column":47}},"180":{"start":{"line":181,"column":0},"end":{"line":181,"column":81}},"181":{"start":{"line":182,"column":0},"end":{"line":182,"column":86}},"183":{"start":{"line":184,"column":0},"end":{"line":184,"column":70}},"184":{"start":{"line":185,"column":0},"end":{"line":185,"column":78}},"185":{"start":{"line":186,"column":0},"end":{"line":186,"column":98}},"186":{"start":{"line":187,"column":0},"end":{"line":187,"column":53}},"187":{"start":{"line":188,"column":0},"end":{"line":188,"column":66}},"188":{"start":{"line":189,"column":0},"end":{"line":189,"column":88}},"189":{"start":{"line":190,"column":0},"end":{"line":190,"column":64}},"191":{"start":{"line":192,"column":0},"end":{"line":192,"column":54}},"192":{"start":{"line":193,"column":0},"end":{"line":193,"column":46}},"193":{"start":{"line":194,"column":0},"end":{"line":194,"column":46}},"194":{"start":{"line":195,"column":0},"end":{"line":195,"column":80}},"195":{"start":{"line":196,"column":0},"end":{"line":196,"column":77}},"196":{"start":{"line":197,"column":0},"end":{"line":197,"column":78}},"197":{"start":{"line":198,"column":0},"end":{"line":198,"column":68}},"198":{"start":{"line":199,"column":0},"end":{"line":199,"column":53}},"199":{"start":{"line":200,"column":0},"end":{"line":200,"column":52}},"200":{"start":{"line":201,"column":0},"end":{"line":201,"column":157}},"201":{"start":{"line":202,"column":0},"end":{"line":202,"column":87}},"202":{"start":{"line":203,"column":0},"end":{"line":203,"column":115}},"203":{"start":{"line":204,"column":0},"end":{"line":204,"column":75}},"204":{"start":{"line":205,"column":0},"end":{"line":205,"column":89}},"205":{"start":{"line":206,"column":0},"end":{"line":206,"column":59}},"207":{"start":{"line":208,"column":0},"end":{"line":208,"column":55}},"208":{"start":{"line":209,"column":0},"end":{"line":209,"column":69}},"209":{"start":{"line":210,"column":0},"end":{"line":210,"column":106}},"210":{"start":{"line":211,"column":0},"end":{"line":211,"column":152}},"211":{"start":{"line":212,"column":0},"end":{"line":212,"column":77}},"212":{"start":{"line":213,"column":0},"end":{"line":213,"column":119}},"213":{"start":{"line":214,"column":0},"end":{"line":214,"column":81}},"214":{"start":{"line":215,"column":0},"end":{"line":215,"column":80}},"215":{"start":{"line":216,"column":0},"end":{"line":216,"column":63}},"217":{"start":{"line":218,"column":0},"end":{"line":218,"column":117}},"218":{"start":{"line":219,"column":0},"end":{"line":219,"column":71}},"219":{"start":{"line":220,"column":0},"end":{"line":220,"column":119}},"220":{"start":{"line":221,"column":0},"end":{"line":221,"column":72}},"221":{"start":{"line":222,"column":0},"end":{"line":222,"column":74}},"222":{"start":{"line":223,"column":0},"end":{"line":223,"column":57}},"223":{"start":{"line":224,"column":0},"end":{"line":224,"column":54}},"224":{"start":{"line":225,"column":0},"end":{"line":225,"column":50}},"225":{"start":{"line":226,"column":0},"end":{"line":226,"column":80}},"226":{"start":{"line":227,"column":0},"end":{"line":227,"column":109}},"227":{"start":{"line":228,"column":0},"end":{"line":228,"column":68}},"228":{"start":{"line":229,"column":0},"end":{"line":229,"column":53}},"229":{"start":{"line":230,"column":0},"end":{"line":230,"column":104}},"231":{"start":{"line":232,"column":0},"end":{"line":232,"column":53}},"232":{"start":{"line":233,"column":0},"end":{"line":233,"column":107}},"233":{"start":{"line":234,"column":0},"end":{"line":234,"column":74}},"234":{"start":{"line":235,"column":0},"end":{"line":235,"column":52}},"235":{"start":{"line":236,"column":0},"end":{"line":236,"column":104}},"237":{"start":{"line":238,"column":0},"end":{"line":238,"column":53}},"238":{"start":{"line":239,"column":0},"end":{"line":239,"column":83}},"239":{"start":{"line":240,"column":0},"end":{"line":240,"column":113}},"240":{"start":{"line":241,"column":0},"end":{"line":241,"column":53}},"241":{"start":{"line":242,"column":0},"end":{"line":242,"column":50}},"242":{"start":{"line":243,"column":0},"end":{"line":243,"column":46}},"243":{"start":{"line":244,"column":0},"end":{"line":244,"column":42}},"244":{"start":{"line":245,"column":0},"end":{"line":245,"column":38}},"245":{"start":{"line":246,"column":0},"end":{"line":246,"column":31}},"246":{"start":{"line":247,"column":0},"end":{"line":247,"column":30}},"247":{"start":{"line":248,"column":0},"end":{"line":248,"column":26}},"248":{"start":{"line":249,"column":0},"end":{"line":249,"column":22}},"249":{"start":{"line":250,"column":0},"end":{"line":250,"column":18}},"251":{"start":{"line":252,"column":0},"end":{"line":252,"column":11}},"253":{"start":{"line":254,"column":0},"end":{"line":254,"column":1}},"255":{"start":{"line":256,"column":0},"end":{"line":256,"column":24}}},"s":{"0":1,"1":1,"2":1,"3":1,"4":1,"5":1,"6":1,"7":1,"8":1,"9":1,"11":5,"12":5,"13":5,"14":5,"16":5,"17":2,"18":2,"19":2,"20":2,"21":2,"22":2,"23":0,"24":0,"25":2,"26":2,"27":0,"28":2,"29":2,"30":2,"31":2,"32":5,"34":5,"37":5,"38":15,"39":15,"40":15,"41":15,"42":5,"44":5,"45":15,"46":15,"47":15,"48":5,"50":5,"51":15,"52":15,"53":15,"54":5,"56":5,"57":3,"58":3,"59":3,"60":3,"61":3,"63":5,"64":1,"65":1,"67":5,"68":15,"69":15,"71":15,"72":15,"74":15,"75":15,"76":15,"77":0,"78":0,"79":15,"81":5,"82":5,"83":5,"84":5,"85":2,"86":2,"88":3,"89":3,"90":3,"91":3,"92":3,"93":3,"94":3,"95":3,"96":3,"97":3,"98":3,"99":3,"101":3,"102":3,"103":3,"104":3,"107":3,"108":3,"110":3,"111":3,"113":3,"114":3,"115":3,"116":3,"117":3,"118":3,"119":3,"120":3,"121":3,"122":3,"123":3,"125":3,"126":3,"127":3,"128":3,"129":3,"130":3,"131":3,"132":3,"133":3,"134":3,"135":3,"137":3,"138":3,"139":3,"140":3,"141":3,"142":3,"143":3,"144":3,"145":3,"146":3,"147":3,"149":3,"150":3,"151":3,"152":3,"153":3,"154":3,"155":3,"156":3,"157":3,"160":3,"161":3,"162":0,"163":0,"164":0,"165":0,"167":3,"168":0,"169":0,"170":0,"171":0,"173":3,"176":3,"177":3,"178":15,"179":15,"180":15,"181":15,"183":15,"184":15,"185":15,"186":15,"187":15,"188":12,"189":3,"191":15,"192":15,"193":15,"194":15,"195":15,"196":15,"197":15,"198":15,"199":15,"200":15,"201":6,"202":9,"203":6,"204":3,"205":15,"207":15,"208":15,"209":15,"210":15,"211":6,"212":9,"213":6,"214":3,"215":15,"217":15,"218":6,"219":9,"220":6,"221":3,"222":15,"223":15,"224":15,"225":15,"226":15,"227":15,"228":15,"229":15,"231":15,"232":15,"233":15,"234":15,"235":15,"237":15,"238":15,"239":15,"240":15,"241":15,"242":15,"243":15,"244":15,"245":3,"246":3,"247":3,"248":3,"249":3,"251":5,"253":5,"255":1},"branchMap":{"0":{"type":"branch","line":12,"loc":{"start":{"line":12,"column":0},"end":{"line":254,"column":1}},"locations":[{"start":{"line":12,"column":0},"end":{"line":254,"column":1}}]},"1":{"type":"branch","line":85,"loc":{"start":{"line":85,"column":9},"end":{"line":87,"column":18}},"locations":[{"start":{"line":85,"column":9},"end":{"line":87,"column":18}}]},"2":{"type":"branch","line":87,"loc":{"start":{"line":87,"column":12},"end":{"line":250,"column":18}},"locations":[{"start":{"line":87,"column":12},"end":{"line":250,"column":18}}]},"3":{"type":"branch","line":162,"loc":{"start":{"line":162,"column":73},"end":{"line":166,"column":35}},"locations":[{"start":{"line":162,"column":73},"end":{"line":166,"column":35}}]},"4":{"type":"branch","line":168,"loc":{"start":{"line":168,"column":44},"end":{"line":168,"column":89}},"locations":[{"start":{"line":168,"column":44},"end":{"line":168,"column":89}}]},"5":{"type":"branch","line":168,"loc":{"start":{"line":168,"column":83},"end":{"line":172,"column":35}},"locations":[{"start":{"line":168,"column":83},"end":{"line":172,"column":35}}]},"6":{"type":"branch","line":17,"loc":{"start":{"line":17,"column":14},"end":{"line":33,"column":7}},"locations":[{"start":{"line":17,"column":14},"end":{"line":33,"column":7}}]},"7":{"type":"branch","line":20,"loc":{"start":{"line":20,"column":18},"end":{"line":26,"column":13}},"locations":[{"start":{"line":20,"column":18},"end":{"line":26,"column":13}}]},"8":{"type":"branch","line":23,"loc":{"start":{"line":23,"column":16},"end":{"line":25,"column":17}},"locations":[{"start":{"line":23,"column":16},"end":{"line":25,"column":17}}]},"9":{"type":"branch","line":30,"loc":{"start":{"line":30,"column":21},"end":{"line":32,"column":13}},"locations":[{"start":{"line":30,"column":21},"end":{"line":32,"column":13}}]},"10":{"type":"branch","line":38,"loc":{"start":{"line":38,"column":46},"end":{"line":43,"column":5}},"locations":[{"start":{"line":38,"column":46},"end":{"line":43,"column":5}}]},"11":{"type":"branch","line":42,"loc":{"start":{"line":42,"column":37},"end":{"line":42,"column":88}},"locations":[{"start":{"line":42,"column":37},"end":{"line":42,"column":88}}]},"12":{"type":"branch","line":45,"loc":{"start":{"line":45,"column":49},"end":{"line":49,"column":5}},"locations":[{"start":{"line":45,"column":49},"end":{"line":49,"column":5}}]},"13":{"type":"branch","line":51,"loc":{"start":{"line":51,"column":47},"end":{"line":55,"column":5}},"locations":[{"start":{"line":51,"column":47},"end":{"line":55,"column":5}}]},"14":{"type":"branch","line":57,"loc":{"start":{"line":57,"column":29},"end":{"line":62,"column":6}},"locations":[{"start":{"line":57,"column":29},"end":{"line":62,"column":6}}]},"15":{"type":"branch","line":58,"loc":{"start":{"line":58,"column":35},"end":{"line":58,"column":60}},"locations":[{"start":{"line":58,"column":35},"end":{"line":58,"column":60}}]},"16":{"type":"branch","line":59,"loc":{"start":{"line":59,"column":36},"end":{"line":59,"column":62}},"locations":[{"start":{"line":59,"column":36},"end":{"line":59,"column":62}}]},"17":{"type":"branch","line":60,"loc":{"start":{"line":60,"column":38},"end":{"line":60,"column":66}},"locations":[{"start":{"line":60,"column":38},"end":{"line":60,"column":66}}]},"18":{"type":"branch","line":64,"loc":{"start":{"line":64,"column":30},"end":{"line":66,"column":6}},"locations":[{"start":{"line":64,"column":30},"end":{"line":66,"column":6}}]},"19":{"type":"branch","line":68,"loc":{"start":{"line":68,"column":28},"end":{"line":80,"column":6}},"locations":[{"start":{"line":68,"column":28},"end":{"line":80,"column":6}}]},"20":{"type":"branch","line":77,"loc":{"start":{"line":77,"column":8},"end":{"line":79,"column":9}},"locations":[{"start":{"line":77,"column":8},"end":{"line":79,"column":9}}]},"21":{"type":"branch","line":112,"loc":{"start":{"line":112,"column":41},"end":{"line":112,"column":72}},"locations":[{"start":{"line":112,"column":41},"end":{"line":112,"column":72}}]},"22":{"type":"branch","line":178,"loc":{"start":{"line":178,"column":52},"end":{"line":245,"column":38}},"locations":[{"start":{"line":178,"column":52},"end":{"line":245,"column":38}}]},"23":{"type":"branch","line":188,"loc":{"start":{"line":188,"column":61},"end":{"line":189,"column":88}},"locations":[{"start":{"line":188,"column":61},"end":{"line":189,"column":88}}]},"24":{"type":"branch","line":189,"loc":{"start":{"line":189,"column":86},"end":{"line":190,"column":64}},"locations":[{"start":{"line":189,"column":86},"end":{"line":190,"column":64}}]},"25":{"type":"branch","line":201,"loc":{"start":{"line":201,"column":156},"end":{"line":202,"column":87}},"locations":[{"start":{"line":201,"column":156},"end":{"line":202,"column":87}}]},"26":{"type":"branch","line":202,"loc":{"start":{"line":202,"column":58},"end":{"line":205,"column":89}},"locations":[{"start":{"line":202,"column":58},"end":{"line":205,"column":89}}]},"27":{"type":"branch","line":203,"loc":{"start":{"line":203,"column":114},"end":{"line":204,"column":75}},"locations":[{"start":{"line":203,"column":114},"end":{"line":204,"column":75}}]},"28":{"type":"branch","line":204,"loc":{"start":{"line":204,"column":62},"end":{"line":205,"column":89}},"locations":[{"start":{"line":204,"column":62},"end":{"line":205,"column":89}}]},"29":{"type":"branch","line":211,"loc":{"start":{"line":211,"column":151},"end":{"line":212,"column":77}},"locations":[{"start":{"line":211,"column":151},"end":{"line":212,"column":77}}]},"30":{"type":"branch","line":212,"loc":{"start":{"line":212,"column":62},"end":{"line":215,"column":80}},"locations":[{"start":{"line":212,"column":62},"end":{"line":215,"column":80}}]},"31":{"type":"branch","line":213,"loc":{"start":{"line":213,"column":118},"end":{"line":214,"column":81}},"locations":[{"start":{"line":213,"column":118},"end":{"line":214,"column":81}}]},"32":{"type":"branch","line":214,"loc":{"start":{"line":214,"column":66},"end":{"line":215,"column":80}},"locations":[{"start":{"line":214,"column":66},"end":{"line":215,"column":80}}]},"33":{"type":"branch","line":218,"loc":{"start":{"line":218,"column":116},"end":{"line":219,"column":71}},"locations":[{"start":{"line":218,"column":116},"end":{"line":219,"column":71}}]},"34":{"type":"branch","line":219,"loc":{"start":{"line":219,"column":62},"end":{"line":222,"column":74}},"locations":[{"start":{"line":219,"column":62},"end":{"line":222,"column":74}}]},"35":{"type":"branch","line":220,"loc":{"start":{"line":220,"column":118},"end":{"line":221,"column":72}},"locations":[{"start":{"line":220,"column":118},"end":{"line":221,"column":72}}]},"36":{"type":"branch","line":221,"loc":{"start":{"line":221,"column":66},"end":{"line":222,"column":74}},"locations":[{"start":{"line":221,"column":66},"end":{"line":222,"column":74}}]},"37":{"type":"branch","line":201,"loc":{"start":{"line":201,"column":123},"end":{"line":201,"column":156}},"locations":[{"start":{"line":201,"column":123},"end":{"line":201,"column":156}}]},"38":{"type":"branch","line":203,"loc":{"start":{"line":203,"column":81},"end":{"line":203,"column":114}},"locations":[{"start":{"line":203,"column":81},"end":{"line":203,"column":114}}]},"39":{"type":"branch","line":211,"loc":{"start":{"line":211,"column":118},"end":{"line":211,"column":151}},"locations":[{"start":{"line":211,"column":118},"end":{"line":211,"column":151}}]},"40":{"type":"branch","line":213,"loc":{"start":{"line":213,"column":85},"end":{"line":213,"column":118}},"locations":[{"start":{"line":213,"column":85},"end":{"line":213,"column":118}}]},"41":{"type":"branch","line":218,"loc":{"start":{"line":218,"column":83},"end":{"line":218,"column":116}},"locations":[{"start":{"line":218,"column":83},"end":{"line":218,"column":116}}]},"42":{"type":"branch","line":220,"loc":{"start":{"line":220,"column":85},"end":{"line":220,"column":118}},"locations":[{"start":{"line":220,"column":85},"end":{"line":220,"column":118}}]}},"b":{"0":[5],"1":[2],"2":[3],"3":[0],"4":[0],"5":[0],"6":[2],"7":[2],"8":[0],"9":[2],"10":[15],"11":[9],"12":[15],"13":[15],"14":[3],"15":[0],"16":[0],"17":[0],"18":[1],"19":[15],"20":[0],"21":[1],"22":[15],"23":[12],"24":[3],"25":[6],"26":[9],"27":[6],"28":[3],"29":[6],"30":[9],"31":[6],"32":[3],"33":[6],"34":[9],"35":[6],"36":[3],"37":[27],"38":[15],"39":[27],"40":[15],"41":[27],"42":[15]},"fnMap":{"0":{"name":"Homepage","decl":{"start":{"line":12,"column":0},"end":{"line":254,"column":1}},"loc":{"start":{"line":12,"column":0},"end":{"line":254,"column":1}},"line":12},"1":{"name":"filteredAnnounce","decl":{"start":{"line":57,"column":29},"end":{"line":62,"column":6}},"loc":{"start":{"line":57,"column":29},"end":{"line":62,"column":6}},"line":57},"2":{"name":"handleFilterClick","decl":{"start":{"line":64,"column":30},"end":{"line":66,"column":6}},"loc":{"start":{"line":64,"column":30},"end":{"line":66,"column":6}},"line":64},"3":{"name":"formatDateRange","decl":{"start":{"line":68,"column":28},"end":{"line":80,"column":6}},"loc":{"start":{"line":68,"column":28},"end":{"line":80,"column":6}},"line":68},"4":{"name":"onClick","decl":{"start":{"line":98,"column":45},"end":{"line":98,"column":68}},"loc":{"start":{"line":98,"column":45},"end":{"line":98,"column":68}},"line":98},"5":{"name":"onClick","decl":{"start":{"line":112,"column":41},"end":{"line":112,"column":72}},"loc":{"start":{"line":112,"column":41},"end":{"line":112,"column":72}},"line":112},"6":{"name":"onClick","decl":{"start":{"line":124,"column":41},"end":{"line":124,"column":76}},"loc":{"start":{"line":124,"column":41},"end":{"line":124,"column":76}},"line":124},"7":{"name":"onClick","decl":{"start":{"line":136,"column":41},"end":{"line":136,"column":73}},"loc":{"start":{"line":136,"column":41},"end":{"line":136,"column":73}},"line":136},"8":{"name":"onClick","decl":{"start":{"line":148,"column":41},"end":{"line":148,"column":74}},"loc":{"start":{"line":148,"column":41},"end":{"line":148,"column":74}},"line":148},"9":{"name":"onClick","decl":{"start":{"line":182,"column":45},"end":{"line":182,"column":86}},"loc":{"start":{"line":182,"column":45},"end":{"line":182,"column":86}},"line":182}},"f":{"0":5,"1":3,"2":1,"3":15,"4":0,"5":1,"6":0,"7":0,"8":0,"9":0}}
,"C:\\Users\\TKtec\\OneDrive\\เอกสาร\\Edugo-Web\\Edugo_web\\src\\components\\Nav.jsx": {"path":"C:\\Users\\TKtec\\OneDrive\\เอกสาร\\Edugo-Web\\Edugo_web\\src\\components\\Nav.jsx","all":false,"statementMap":{"0":{"start":{"line":1,"column":0},"end":{"line":1,"column":25}},"1":{"start":{"line":2,"column":0},"end":{"line":2,"column":77}},"2":{"start":{"line":3,"column":0},"end":{"line":3,"column":47}},"3":{"start":{"line":4,"column":0},"end":{"line":4,"column":52}},"4":{"start":{"line":5,"column":0},"end":{"line":5,"column":50}},"6":{"start":{"line":7,"column":0},"end":{"line":7,"column":16}},"7":{"start":{"line":8,"column":0},"end":{"line":8,"column":10}},"8":{"start":{"line":9,"column":0},"end":{"line":9,"column":35}},"11":{"start":{"line":12,"column":0},"end":{"line":12,"column":66}},"12":{"start":{"line":13,"column":0},"end":{"line":13,"column":25}},"13":{"start":{"line":14,"column":0},"end":{"line":14,"column":71}},"14":{"start":{"line":15,"column":0},"end":{"line":15,"column":19}},"15":{"start":{"line":16,"column":0},"end":{"line":16,"column":14}},"18":{"start":{"line":19,"column":0},"end":{"line":19,"column":65}},"19":{"start":{"line":20,"column":0},"end":{"line":20,"column":76}},"20":{"start":{"line":21,"column":0},"end":{"line":21,"column":123}},"21":{"start":{"line":22,"column":0},"end":{"line":22,"column":14}},"55":{"start":{"line":56,"column":0},"end":{"line":56,"column":12}},"57":{"start":{"line":58,"column":0},"end":{"line":58,"column":1}},"59":{"start":{"line":60,"column":0},"end":{"line":60,"column":18}}},"s":{"0":1,"1":1,"2":1,"3":1,"4":1,"6":4,"7":4,"8":4,"11":4,"12":4,"13":4,"14":4,"15":4,"18":4,"19":4,"20":4,"21":4,"55":4,"57":4,"59":1},"branchMap":{"0":{"type":"branch","line":7,"loc":{"start":{"line":7,"column":0},"end":{"line":58,"column":1}},"locations":[{"start":{"line":7,"column":0},"end":{"line":58,"column":1}}]}},"b":{"0":[4]},"fnMap":{"0":{"name":"Nav","decl":{"start":{"line":7,"column":0},"end":{"line":58,"column":1}},"loc":{"start":{"line":7,"column":0},"end":{"line":58,"column":1}},"line":7}},"f":{"0":4}}
,"C:\\Users\\TKtec\\OneDrive\\เอกสาร\\Edugo-Web\\Edugo_web\\src\\composable\\getAnnounce.js": {"path":"C:\\Users\\TKtec\\OneDrive\\เอกสาร\\Edugo-Web\\Edugo_web\\src\\composable\\getAnnounce.js","all":false,"statementMap":{"0":{"start":{"line":1,"column":0},"end":{"line":1,"column":26}},"1":{"start":{"line":2,"column":0},"end":{"line":2,"column":47}},"2":{"start":{"line":3,"column":0},"end":{"line":3,"column":39}},"3":{"start":{"line":4,"column":0},"end":{"line":4,"column":0}},"4":{"start":{"line":5,"column":0},"end":{"line":5,"column":33}},"5":{"start":{"line":6,"column":0},"end":{"line":6,"column":9}},"6":{"start":{"line":7,"column":0},"end":{"line":7,"column":41}},"7":{"start":{"line":8,"column":0},"end":{"line":8,"column":24}},"8":{"start":{"line":9,"column":0},"end":{"line":9,"column":5}},"9":{"start":{"line":10,"column":0},"end":{"line":10,"column":19}},"10":{"start":{"line":11,"column":0},"end":{"line":11,"column":29}},"11":{"start":{"line":12,"column":0},"end":{"line":12,"column":20}},"12":{"start":{"line":13,"column":0},"end":{"line":13,"column":5}},"13":{"start":{"line":14,"column":0},"end":{"line":14,"column":1}},"14":{"start":{"line":15,"column":0},"end":{"line":15,"column":0}},"15":{"start":{"line":16,"column":0},"end":{"line":16,"column":39}},"16":{"start":{"line":17,"column":0},"end":{"line":17,"column":9}},"17":{"start":{"line":18,"column":0},"end":{"line":18,"column":52}},"18":{"start":{"line":19,"column":0},"end":{"line":19,"column":24}},"19":{"start":{"line":20,"column":0},"end":{"line":20,"column":5}},"20":{"start":{"line":21,"column":0},"end":{"line":21,"column":19}},"21":{"start":{"line":22,"column":0},"end":{"line":22,"column":29}},"22":{"start":{"line":23,"column":0},"end":{"line":23,"column":20}},"23":{"start":{"line":24,"column":0},"end":{"line":24,"column":5}},"24":{"start":{"line":25,"column":0},"end":{"line":25,"column":1}},"25":{"start":{"line":26,"column":0},"end":{"line":26,"column":0}},"26":{"start":{"line":27,"column":0},"end":{"line":27,"column":0}}},"s":{"0":1,"1":1,"2":1,"3":1,"4":1,"5":2,"6":2,"7":2,"8":2,"9":2,"10":0,"11":0,"12":0,"13":2,"14":1,"15":1,"16":0,"17":0,"18":0,"19":0,"20":0,"21":0,"22":0,"23":0,"24":0,"25":1,"26":1},"branchMap":{"0":{"type":"branch","line":5,"loc":{"start":{"line":5,"column":20},"end":{"line":14,"column":1}},"locations":[{"start":{"line":5,"column":20},"end":{"line":14,"column":1}}]},"1":{"type":"branch","line":10,"loc":{"start":{"line":10,"column":4},"end":{"line":13,"column":5}},"locations":[{"start":{"line":10,"column":4},"end":{"line":13,"column":5}}]}},"b":{"0":[2],"1":[0]},"fnMap":{"0":{"name":"getAnnounce","decl":{"start":{"line":5,"column":20},"end":{"line":14,"column":1}},"loc":{"start":{"line":5,"column":20},"end":{"line":14,"column":1}},"line":5},"1":{"name":"getAnnounceById","decl":{"start":{"line":16,"column":24},"end":{"line":25,"column":1}},"loc":{"start":{"line":16,"column":24},"end":{"line":25,"column":1}},"line":16}},"f":{"0":2,"1":0}}
,"C:\\Users\\TKtec\\OneDrive\\เอกสาร\\Edugo-Web\\Edugo_web\\src\\composable\\getImage.js": {"path":"C:\\Users\\TKtec\\OneDrive\\เอกสาร\\Edugo-Web\\Edugo_web\\src\\composable\\getImage.js","all":false,"statementMap":{"0":{"start":{"line":1,"column":0},"end":{"line":1,"column":47}},"1":{"start":{"line":2,"column":0},"end":{"line":2,"column":50}},"2":{"start":{"line":3,"column":0},"end":{"line":3,"column":46}},"3":{"start":{"line":4,"column":0},"end":{"line":4,"column":0}}},"s":{"0":1,"1":1,"2":1,"3":1},"branchMap":{},"b":{},"fnMap":{},"f":{}}
}
